<?xml version="1.0" encoding="UTF-8"?>
<coverage generated="1564043543478" clover="3.2.0">
  <project timestamp="1564043543478" name="All files">
    <metrics statements="18" coveredstatements="2" conditionals="2" coveredconditionals="0" methods="1" coveredmethods="0" elements="21" coveredelements="2" complexity="0" loc="18" ncloc="18" packages="3" files="5" classes="5">
      <package name="src">
        <metrics statements="12" coveredstatements="0" conditionals="0" coveredconditionals="0" methods="1" coveredmethods="0"/>
        <file name="App.vue" path="/Users/apple/Desktop/my-vue-test/src/App.vue">
          <metrics statements="2" coveredstatements="0" conditionals="0" coveredconditionals="0" methods="0" coveredmethods="0"/>
          <line num="18" count="0" type="stmt"/>
          <line num="19" count="0" type="stmt"/>
        </file>
        <file name="main.js" path="/Users/apple/Desktop/my-vue-test/src/main.js">
          <metrics statements="7" coveredstatements="0" conditionals="0" coveredconditionals="0" methods="1" coveredmethods="0"/>
          <line num="1" count="0" type="stmt"/>
          <line num="2" count="0" type="stmt"/>
          <line num="3" count="0" type="stmt"/>
          <line num="4" count="0" type="stmt"/>
          <line num="6" count="0" type="stmt"/>
          <line num="8" count="0" type="stmt"/>
          <line num="10" count="0" type="stmt"/>
        </file>
        <file name="store.js" path="/Users/apple/Desktop/my-vue-test/src/store.js">
          <metrics statements="3" coveredstatements="0" conditionals="0" coveredconditionals="0" methods="0" coveredmethods="0"/>
          <line num="1" count="0" type="stmt"/>
          <line num="2" count="0" type="stmt"/>
          <line num="4" count="0" type="stmt"/>
        </file>
      </package>
      <package name="src.components">
        <metrics statements="4" coveredstatements="2" conditionals="2" coveredconditionals="0" methods="0" coveredmethods="0"/>
        <file name="kaikeba.vue" path="/Users/apple/Desktop/my-vue-test/src/components/kaikeba.vue">
          <metrics statements="4" coveredstatements="2" conditionals="2" coveredconditionals="0" methods="0" coveredmethods="0"/>
          <line num="11" count="2" type="stmt"/>
          <line num="18" count="1" type="stmt"/>
          <line num="21" count="0" type="cond" truecount="0" falsecount="2"/>
          <line num="22" count="0" type="stmt"/>
        </file>
      </package>
      <package name="src.icons">
        <metrics statements="2" coveredstatements="0" conditionals="0" coveredconditionals="0" methods="0" coveredmethods="0"/>
        <file name="index.js" path="/Users/apple/Desktop/my-vue-test/src/icons/index.js">
          <metrics statements="2" coveredstatements="0" conditionals="0" coveredconditionals="0" methods="0" coveredmethods="0"/>
          <line num="1" count="0" type="stmt"/>
          <line num="2" count="0" type="stmt"/>
        </file>
      </package>
    </metrics>
  </project>
</coverage>
