TN:
SF:/Users/apple/Desktop/my-vue-test/src/App.vue
FNF:0
FNH:0
DA:18,0
DA:19,0
LF:2
LH:0
BRF:0
BRH:0
end_of_record
TN:
SF:/Users/apple/Desktop/my-vue-test/src/main.js
FN:10,(anonymous_0)
FNF:1
FNH:0
FNDA:0,(anonymous_0)
DA:1,0
DA:2,0
DA:3,0
DA:4,0
DA:6,0
DA:8,0
DA:10,0
LF:7
LH:0
BRF:0
BRH:0
end_of_record
TN:
SF:/Users/apple/Desktop/my-vue-test/src/store.js
FNF:0
FNH:0
DA:1,0
DA:2,0
DA:4,0
LF:3
LH:0
BRF:0
BRH:0
end_of_record
TN:
SF:/Users/apple/Desktop/my-vue-test/src/components/kaikeba.vue
FNF:0
FNH:0
DA:11,2
DA:18,1
DA:21,0
DA:22,0
LF:4
LH:2
BRDA:21,0,0,0
BRDA:21,0,1,0
BRF:2
BRH:0
end_of_record
TN:
SF:/Users/apple/Desktop/my-vue-test/src/icons/index.js
FNF:0
FNH:0
DA:1,0
DA:2,0
LF:2
LH:0
BRF:0
BRH:0
end_of_record
